2023-05-26 18:49:08 [INFO] django.utils.autoreload: Watching for file changes with StatReloader
2023-05-26 18:49:08 [INFO] django.server: "GET / HTTP/1.1" 200 878
2023-05-26 18:49:08 [INFO] django.server: "GET /static/base.css HTTP/1.1" 200 853
2023-05-26 18:49:08 [INFO] django.server: "GET /static/eia.png HTTP/1.1" 200 853
2023-05-26 18:49:08 [INFO] django.server: "GET /favicon.ico HTTP/1.1" 200 853
2023-05-26 18:49:34 [INFO] django.utils.autoreload: Watching for file changes with StatReloader
2023-05-26 18:49:35 [INFO] django.server: "GET / HTTP/1.1" 200 878
2023-05-26 18:49:35 [INFO] django.server: "GET /static/base.css HTTP/1.1" 200 853
2023-05-26 18:49:35 [INFO] django.server: "GET /static/eia.png HTTP/1.1" 200 853
2023-05-26 18:49:35 [INFO] django.server: "GET /favicon.ico HTTP/1.1" 200 853
2023-05-26 18:49:57 [INFO] django.utils.autoreload: Watching for file changes with StatReloader
2023-05-26 18:49:57 [INFO] django.server: "GET / HTTP/1.1" 200 878
2023-05-26 18:49:57 [INFO] django.server: "GET /static/base.css HTTP/1.1" 200 853
2023-05-26 18:49:57 [INFO] django.server: "GET /static/eia.png HTTP/1.1" 200 853
2023-05-26 18:49:58 [INFO] django.server: "GET /favicon.ico HTTP/1.1" 200 853
2023-05-26 18:50:31 [INFO] django.utils.autoreload: Watching for file changes with StatReloader
2023-05-26 18:50:31 [INFO] django.server: "GET / HTTP/1.1" 200 878
2023-05-26 18:50:32 [INFO] django.server: "GET /static/base.css HTTP/1.1" 200 853
2023-05-26 18:50:32 [INFO] django.server: "GET /static/eia.png HTTP/1.1" 200 853
2023-05-26 18:50:32 [INFO] django.server: "GET /favicon.ico HTTP/1.1" 200 853
2023-05-26 18:51:52 [INFO] django.utils.autoreload: Watching for file changes with StatReloader
2023-05-26 18:51:52 [INFO] django.server: "GET / HTTP/1.1" 200 878
2023-05-26 18:51:52 [INFO] django.server: "GET /static/base.css HTTP/1.1" 200 688
2023-05-26 18:51:52 [INFO] django.server: "GET /static/eia.png HTTP/1.1" 200 4427
2023-05-26 18:51:52 [WARNING] django.request: Not Found: /favicon.ico
2023-05-26 18:51:52 [WARNING] django.server: "GET /favicon.ico HTTP/1.1" 404 2228
2023-05-26 18:51:58 [WARNING] django.request: Not Found: /pi
2023-05-26 18:51:58 [WARNING] django.server: "GET /pi HTTP/1.1" 404 2201
2023-05-26 18:51:58 [WARNING] django.request: Not Found: /favicon.ico
2023-05-26 18:51:58 [WARNING] django.server: "GET /favicon.ico HTTP/1.1" 404 2228
2023-05-26 18:52:12 [INFO] django.utils.autoreload: /home/tonis/Documents/EIA/EIA/settings.py changed, reloading.
2023-05-26 18:52:13 [INFO] django.utils.autoreload: Watching for file changes with StatReloader
2023-05-26 18:52:22 [INFO] django.utils.autoreload: Watching for file changes with StatReloader
2023-05-26 18:52:22 [INFO] django.server: "GET / HTTP/1.1" 200 878
2023-05-26 18:52:22 [INFO] django.server: "GET /favicon.ico HTTP/1.1" 200 853
2023-05-26 18:52:29 [INFO] django.server: "GET /pi HTTP/1.1" 200 853
2023-05-26 18:52:29 [INFO] django.server: "GET /favicon.ico HTTP/1.1" 200 853
2023-05-26 18:52:30 [INFO] django.server: "GET /pi HTTP/1.1" 200 853
2023-05-26 18:52:30 [INFO] django.server: "GET /favicon.ico HTTP/1.1" 200 853
2023-05-26 18:52:31 [INFO] django.server: "GET / HTTP/1.1" 200 878
2023-05-26 18:52:31 [INFO] django.server: "GET /favicon.ico HTTP/1.1" 200 853
2023-05-26 18:53:42 [INFO] django.utils.autoreload: /home/tonis/Documents/EIA/EIA/settings.py changed, reloading.
2023-05-26 18:53:42 [INFO] django.utils.autoreload: Watching for file changes with StatReloader
2023-05-26 18:53:51 [INFO] django.utils.autoreload: /home/tonis/Documents/EIA/EIA/urls.py changed, reloading.
2023-05-26 18:53:52 [INFO] django.utils.autoreload: Watching for file changes with StatReloader
2023-05-26 18:54:21 [INFO] django.utils.autoreload: Watching for file changes with StatReloader
2023-05-26 18:54:21 [INFO] django.server: "GET / HTTP/1.1" 200 878
2023-05-26 18:54:21 [INFO] django.server: "GET /favicon.ico HTTP/1.1" 200 853
2023-05-26 18:54:25 [INFO] django.server: "GET / HTTP/1.1" 200 878
2023-05-26 18:54:25 [INFO] django.server: "GET /favicon.ico HTTP/1.1" 200 853
2023-05-26 18:58:26 [INFO] django.utils.autoreload: Watching for file changes with StatReloader
2023-05-26 18:58:27 [INFO] django.server: "GET / HTTP/1.1" 200 878
2023-05-26 18:58:27 [INFO] django.server: "GET /favicon.ico HTTP/1.1" 200 853
2023-05-26 19:12:36 [INFO] django.utils.autoreload: Watching for file changes with StatReloader
2023-05-26 19:12:37 [INFO] django.server: "GET / HTTP/1.1" 200 878
2023-05-26 19:12:37 [INFO] django.server: "GET /favicon.ico HTTP/1.1" 200 853
2023-05-26 19:12:38 [INFO] django.server: "GET /pi HTTP/1.1" 200 853
2023-05-26 19:12:38 [INFO] django.server: "GET /favicon.ico HTTP/1.1" 200 853
2023-05-26 19:14:26 [INFO] django.utils.autoreload: Watching for file changes with StatReloader
2023-05-26 19:15:01 [INFO] django.utils.autoreload: Watching for file changes with StatReloader
2023-05-26 19:15:01 [INFO] django.server: "GET / HTTP/1.1" 200 878
2023-05-26 19:15:01 [INFO] django.server: "GET /favicon.ico HTTP/1.1" 200 853
2023-05-26 19:15:03 [INFO] django.server: "GET /pi HTTP/1.1" 200 853
2023-05-26 19:15:03 [INFO] django.server: "GET /favicon.ico HTTP/1.1" 200 853
2023-05-26 19:15:13 [INFO] django.utils.autoreload: /home/tonis/Documents/EIA/EIA/urls.py changed, reloading.
2023-05-26 19:15:13 [INFO] django.utils.autoreload: Watching for file changes with StatReloader
2023-05-26 19:15:15 [INFO] django.utils.autoreload: /home/tonis/Documents/EIA/EIA/urls.py changed, reloading.
2023-05-26 19:15:15 [INFO] django.utils.autoreload: Watching for file changes with StatReloader
2023-05-26 19:15:16 [INFO] django.utils.autoreload: /home/tonis/Documents/EIA/EIA/urls.py changed, reloading.
2023-05-26 19:15:16 [INFO] django.utils.autoreload: Watching for file changes with StatReloader
2023-05-26 19:15:16 [INFO] django.server: "GET /pi HTTP/1.1" 200 853
2023-05-26 19:15:16 [INFO] django.server: "GET /favicon.ico HTTP/1.1" 200 853
2023-05-26 19:15:17 [INFO] django.server: "GET /pi HTTP/1.1" 200 853
2023-05-26 19:15:17 [INFO] django.server: "GET /favicon.ico HTTP/1.1" 200 853
2023-05-26 19:15:30 [INFO] django.server: "GET / HTTP/1.1" 200 878
2023-05-26 19:15:30 [INFO] django.server: "GET /favicon.ico HTTP/1.1" 200 853
2023-05-26 19:15:31 [INFO] django.server: "GET /pi HTTP/1.1" 200 853
2023-05-26 19:15:31 [INFO] django.server: "GET /favicon.ico HTTP/1.1" 200 853
2023-05-26 19:15:38 [INFO] django.utils.autoreload: Watching for file changes with StatReloader
2023-05-26 19:15:38 [INFO] django.server: "GET / HTTP/1.1" 200 878
2023-05-26 19:15:38 [INFO] django.server: "GET /favicon.ico HTTP/1.1" 200 853
2023-05-26 19:15:39 [INFO] django.server: "GET /pi HTTP/1.1" 200 853
2023-05-26 19:15:39 [INFO] django.server: "GET /favicon.ico HTTP/1.1" 200 853
2023-05-26 19:16:16 [INFO] django.server: "GET /pi HTTP/1.1" 200 853
2023-05-26 19:16:16 [INFO] django.server: "GET /favicon.ico HTTP/1.1" 200 853
2023-05-26 19:16:20 [INFO] django.server: "GET / HTTP/1.1" 200 878
2023-05-26 19:16:20 [INFO] django.server: "GET /static/base.css HTTP/1.1" 200 853
2023-05-26 19:16:20 [INFO] django.server: "GET /static/eia.png HTTP/1.1" 200 853
2023-05-26 19:16:22 [INFO] django.server: "GET /pi HTTP/1.1" 200 853
2023-05-26 19:16:23 [INFO] django.server: "GET /static/base.css HTTP/1.1" 200 853
2023-05-26 19:16:23 [INFO] django.server: "GET /static/eia.png HTTP/1.1" 200 853
2023-05-26 19:16:26 [INFO] django.server: "GET /pi HTTP/1.1" 200 853
2023-05-26 19:16:26 [INFO] django.server: "GET /static/base.css HTTP/1.1" 200 853
2023-05-26 19:16:26 [INFO] django.server: "GET /static/eia.png HTTP/1.1" 200 853
2023-05-26 19:16:39 [INFO] django.server: "GET /pi.html HTTP/1.1" 200 853
2023-05-26 19:16:39 [INFO] django.server: "GET /static/base.css HTTP/1.1" 200 853
2023-05-26 19:16:39 [INFO] django.server: "GET /static/eia.png HTTP/1.1" 200 853
2023-05-26 19:16:59 [INFO] django.utils.autoreload: /home/tonis/Documents/EIA/EIA/urls.py changed, reloading.
2023-05-26 19:16:59 [INFO] django.utils.autoreload: Watching for file changes with StatReloader
2023-05-26 19:17:01 [WARNING] django.request: Not Found: /pi.html
2023-05-26 19:17:01 [WARNING] django.server: "GET /pi.html HTTP/1.1" 404 179
2023-05-26 19:17:04 [INFO] django.server: "GET /pi HTTP/1.1" 301 0
2023-05-26 19:17:04 [INFO] django.server: "GET /pi/ HTTP/1.1" 200 1148
2023-05-26 19:17:04 [WARNING] django.request: Not Found: /static/base.css
2023-05-26 19:17:04 [WARNING] django.server: "GET /static/base.css HTTP/1.1" 404 179
2023-05-26 19:17:04 [WARNING] django.request: Not Found: /static/eia.png
2023-05-26 19:17:04 [WARNING] django.server: "GET /static/eia.png HTTP/1.1" 404 179
2023-05-26 19:17:30 [INFO] django.server: "GET /pi HTTP/1.1" 301 0
2023-05-26 19:17:30 [INFO] django.server: "GET /pi/ HTTP/1.1" 200 1148
2023-05-26 19:17:30 [WARNING] django.request: Not Found: /favicon.ico
2023-05-26 19:17:30 [WARNING] django.server: "GET /favicon.ico HTTP/1.1" 404 179
2023-05-26 19:17:39 [INFO] django.utils.autoreload: /home/tonis/Documents/EIA/EIA/urls.py changed, reloading.
2023-05-26 19:17:39 [INFO] django.utils.autoreload: Watching for file changes with StatReloader
2023-05-26 19:17:40 [INFO] django.server: "GET /pi/ HTTP/1.1" 200 1148
2023-05-26 19:17:40 [INFO] django.server: "GET /favicon.ico HTTP/1.1" 200 853
2023-05-26 19:17:41 [INFO] django.server: "GET /pi/ HTTP/1.1" 200 1148
2023-05-26 19:17:41 [INFO] django.server: "GET /favicon.ico HTTP/1.1" 200 853
2023-05-26 19:17:42 [INFO] django.server: "GET / HTTP/1.1" 200 878
2023-05-26 19:17:42 [INFO] django.server: "GET /favicon.ico HTTP/1.1" 200 853
2023-05-26 19:17:42 [INFO] django.server: "GET /pi/ HTTP/1.1" 200 1148
2023-05-26 19:17:42 [INFO] django.server: "GET /favicon.ico HTTP/1.1" 200 853
2023-05-26 19:18:13 [INFO] django.server: "GET /pi/ HTTP/1.1" 200 1148
2023-05-26 19:18:13 [INFO] django.server: "GET /favicon.ico HTTP/1.1" 200 853
